<?xml version="1.0" encoding="UTF-8"?>
<testng-results ignored="0" total="1" passed="1" failed="0" skipped="0">
  <reporter-output>
  </reporter-output>
  <suite started-at="2022-04-28T23:27:45 IST" name="Default suite" finished-at="2022-04-28T23:27:55 IST" duration-ms="9850">
    <groups>
    </groups>
    <test started-at="2022-04-28T23:27:45 IST" name="Default test" finished-at="2022-04-28T23:27:55 IST" duration-ms="9850">
      <class name="fetchingdatafromhashmap.FetchDataHashMap">
        <test-method signature="setup()[pri:0, instance:fetchingdatafromhashmap.FetchDataHashMap@2abf4075]" started-at="2022-04-28T23:27:45 IST" name="setup" finished-at="2022-04-28T23:27:55 IST" duration-ms="9794" status="PASS">
          <reporter-output>
          </reporter-output>
        </test-method> <!-- setup -->
      </class> <!-- fetchingdatafromhashmap.FetchDataHashMap -->
    </test> <!-- Default test -->
  </suite> <!-- Default suite -->
</testng-results>
